[debug] [2021-12-09T16:05:33.517Z] ----------------------------------------------------------------------
[debug] [2021-12-09T16:05:33.520Z] Command:       C:\Program Files\nodejs\node.exe C:\Users\c planet\AppData\Roaming\npm\node_modules\firebase-tools\lib\bin\firebase.js init
[debug] [2021-12-09T16:05:33.521Z] CLI Version:   9.23.1
[debug] [2021-12-09T16:05:33.521Z] Platform:      win32
[debug] [2021-12-09T16:05:33.521Z] Node Version:  v14.17.1
[debug] [2021-12-09T16:05:33.522Z] Time:          Thu Dec 09 2021 08:05:33 GMT-0800 (Pacific Standard Time)
[debug] [2021-12-09T16:05:33.523Z] ----------------------------------------------------------------------
[debug] 
[debug] [2021-12-09T16:05:33.532Z] > command requires scopes: ["email","openid","https://www.googleapis.com/auth/cloudplatformprojects.readonly","https://www.googleapis.com/auth/firebase","https://www.googleapis.com/auth/cloud-platform"]
[debug] [2021-12-09T16:05:33.532Z] > authorizing via signed-in user (imtiajahamed6161@gmail.com)
[info] 
     ######## #### ########  ######## ########     ###     ######  ########
     ##        ##  ##     ## ##       ##     ##  ##   ##  ##       ##
     ######    ##  ########  ######   ########  #########  ######  ######
     ##        ##  ##    ##  ##       ##     ## ##     ##       ## ##
     ##       #### ##     ## ######## ########  ##     ##  ######  ########

You're about to initialize a Firebase project in this directory:

  C:\projects\Biker-client-side

Before we get started, keep in mind:

  * You are currently outside your home directory

